<?xml version="1.0" encoding="UTF-8"?>
<!-- Generated by org.testng.reporters.JUnitReportReporter -->
<testsuite hostname="DESKTOP-QPBI68O" failures="0" tests="15" name="com.functionaltesting.scripts.Agent_TestClass" time="102.635" errors="0" timestamp="2022-05-15T19:30:36 IST" skipped="0">
  <testcase classname="com.functionaltesting.scripts.Agent_TestClass" name="agent_login_InvalidEmail" time="7.125"/>
  <system-out/>
  <testcase classname="com.functionaltesting.scripts.Agent_TestClass" name="agent_login_InvalidPassword" time="7.096"/>
  <system-out/>
  <testcase classname="com.functionaltesting.scripts.Agent_TestClass" name="agent_login_validData" time="6.944"/>
  <system-out/>
  <testcase classname="com.functionaltesting.scripts.Agent_TestClass" name="MyBooking_links" time="4.249"/>
  <system-out/>
  <testcase classname="com.functionaltesting.scripts.Agent_TestClass" name="AddFunds_link" time="4.156"/>
  <system-out/>
  <testcase classname="com.functionaltesting.scripts.Agent_TestClass" name="MyProfile_link" time="4.523"/>
  <system-out/>
  <testcase classname="com.functionaltesting.scripts.Agent_TestClass" name="Home_link" time="5.766"/>
  <system-out/>
  <testcase classname="com.functionaltesting.scripts.Agent_TestClass" name="Flight_link" time="6.553"/>
  <system-out/>
  <testcase classname="com.functionaltesting.scripts.Agent_TestClass" name="Tours_link" time="4.376"/>
  <system-out/>
  <testcase classname="com.functionaltesting.scripts.Agent_TestClass" name="Visa_link" time="4.418"/>
  <system-out/>
  <testcase classname="com.functionaltesting.scripts.Agent_TestClass" name="Blog_link" time="4.760"/>
  <system-out/>
  <testcase classname="com.functionaltesting.scripts.Agent_TestClass" name="Offers_link" time="4.274"/>
  <system-out/>
  <testcase classname="com.functionaltesting.scripts.Agent_TestClass" name="update_currency" time="9.317"/>
  <system-out/>
  <testcase classname="com.functionaltesting.scripts.Agent_TestClass" name="search_hotel" time="21.081"/>
  <system-out/>
  <testcase classname="com.functionaltesting.scripts.Agent_TestClass" name="agent_logout" time="7.997"/>
  <system-out/>
</testsuite> <!-- com.functionaltesting.scripts.Agent_TestClass -->
