<?xml version="1.0" encoding="UTF-8"?>
<!-- Generated by org.testng.reporters.JUnitReportReporter -->
<testsuite hostname="DESKTOP-QPBI68O" failures="0" tests="9" name="com.functionaltesting.scripts.Admin_TestClass" time="85.084" errors="0" timestamp="2022-05-15T19:49:51 IST" skipped="0">
  <testcase classname="com.functionaltesting.scripts.Admin_TestClass" name="Admin_login_InvalidEmail" time="12.744"/>
  <system-out/>
  <testcase classname="com.functionaltesting.scripts.Admin_TestClass" name="Admin_login_InvalidPassword" time="6.148"/>
  <system-out/>
  <testcase classname="com.functionaltesting.scripts.Admin_TestClass" name="Admin_login_ValidData" time="8.732"/>
  <system-out/>
  <testcase classname="com.functionaltesting.scripts.Admin_TestClass" name="Test_bookingslink" time="11.648"/>
  <system-out/>
  <testcase classname="com.functionaltesting.scripts.Admin_TestClass" name="Delete_Record" time="13.221"/>
  <system-out/>
  <testcase classname="com.functionaltesting.scripts.Admin_TestClass" name="Display_Invoice" time="10.334"/>
  <system-out/>
  <testcase classname="com.functionaltesting.scripts.Admin_TestClass" name="test_websiteLink" time="10.269"/>
  <system-out/>
  <testcase classname="com.functionaltesting.scripts.Admin_TestClass" name="BookingStatus_Change" time="2.385"/>
  <system-out/>
  <testcase classname="com.functionaltesting.scripts.Admin_TestClass" name="logout" time="9.603"/>
  <system-out/>
</testsuite> <!-- com.functionaltesting.scripts.Admin_TestClass -->
