<?xml version="1.0" encoding="UTF-8"?>
<!-- Generated by org.testng.reporters.JUnitReportReporter -->
<testsuite hostname="DESKTOP-QPBI68O" failures="0" tests="9" name="com.functionaltesting.scripts.Supplier_TestClass" time="71.273" errors="0" timestamp="2022-05-15T19:30:36 IST" skipped="0">
  <testcase classname="com.functionaltesting.scripts.Supplier_TestClass" name="login_invalidEmail" time="13.249"/>
  <system-out/>
  <testcase classname="com.functionaltesting.scripts.Supplier_TestClass" name="login_invalidPassword" time="8.038"/>
  <system-out/>
  <testcase classname="com.functionaltesting.scripts.Supplier_TestClass" name="login_validata" time="8.009"/>
  <system-out/>
  <testcase classname="com.functionaltesting.scripts.Supplier_TestClass" name="Booking_status_Change" time="11.519"/>
  <system-out/>
  <testcase classname="com.functionaltesting.scripts.Supplier_TestClass" name="dashboard_salesview" time="2.030"/>
  <system-out/>
  <testcase classname="com.functionaltesting.scripts.Supplier_TestClass" name="RevenuebreakDown_GraphCheck" time="2.063"/>
  <system-out/>
  <testcase classname="com.functionaltesting.scripts.Supplier_TestClass" name="ToursLink_click" time="9.243"/>
  <system-out/>
  <testcase classname="com.functionaltesting.scripts.Supplier_TestClass" name="Booking_linkClick" time="5.546"/>
  <system-out/>
  <testcase classname="com.functionaltesting.scripts.Supplier_TestClass" name="logout_Supplier" time="11.576"/>
  <system-out/>
</testsuite> <!-- com.functionaltesting.scripts.Supplier_TestClass -->
