<?xml version="1.0" encoding="UTF-8"?>
<!-- Generated by org.testng.reporters.JUnitReportReporter -->
<testsuite hostname="DESKTOP-QPBI68O" failures="0" tests="8" name="com.functionaltesting.scripts.Customer_TestClass" time="126.698" errors="0" timestamp="2022-05-15T19:30:36 IST" skipped="0">
  <testcase classname="com.functionaltesting.scripts.Customer_TestClass" name="CustomerLogin_invalid_mail" time="14.511"/>
  <system-out/>
  <testcase classname="com.functionaltesting.scripts.Customer_TestClass" name="CustomerLogin_invalid_Password" time="7.321"/>
  <system-out/>
  <testcase classname="com.functionaltesting.scripts.Customer_TestClass" name="customerValid_login" time="7.488"/>
  <system-out/>
  <testcase classname="com.functionaltesting.scripts.Customer_TestClass" name="mybooking_link_ViewVoucher" time="13.872"/>
  <system-out/>
  <testcase classname="com.functionaltesting.scripts.Customer_TestClass" name="add_Funds_link" time="7.514"/>
  <system-out/>
  <testcase classname="com.functionaltesting.scripts.Customer_TestClass" name="payment_link_click" time="48.863"/>
  <system-out/>
  <testcase classname="com.functionaltesting.scripts.Customer_TestClass" name="myprofile_click" time="19.345"/>
  <system-out/>
  <testcase classname="com.functionaltesting.scripts.Customer_TestClass" name="Customer_logout" time="7.784"/>
  <system-out/>
</testsuite> <!-- com.functionaltesting.scripts.Customer_TestClass -->
